#
# There is insufficient memory for the Java Runtime Environment to continue.
# Native memory allocation (mmap) failed to map 266338304 bytes. Error detail: G1 virtual space
# Possible reasons:
#   The system is out of physical RAM or swap space
#   This process is running with CompressedOops enabled, and the Java Heap may be blocking the growth of the native heap
# Possible solutions:
#   Reduce memory load on the system
#   Increase physical memory or swap space
#   Check if swap backing store is full
#   Decrease Java heap size (-Xmx/-Xms)
#   Decrease number of Java threads
#   Decrease Java thread stack sizes (-Xss)
#   Set larger code cache with -XX:ReservedCodeCacheSize=
#   JVM is running with Zero Based Compressed Oops mode in which the Java heap is
#     placed in the first 32GB address space. The Java Heap base address is the
#     maximum limit for the native heap growth. Please use -XX:HeapBaseMinAddress
#     to set the Java Heap base and to place the Java Heap above 32GB virtual address.
# This output file may be truncated or incomplete.
#
#  Out of Memory Error (os_windows.cpp:3616), pid=14700, tid=36340
#
# JRE version:  (21.0.4+7) (build )
# Java VM: OpenJDK 64-Bit Server VM (21.0.4+7-LTS, mixed mode, emulated-client, sharing, tiered, compressed oops, compressed class ptrs, g1 gc, windows-amd64)
# No core dump will be written. Minidumps are not enabled by default on client versions of Windows
#

---------------  S U M M A R Y ------------

Command Line: -Dcom.sun.management.jmxremote -Dcom.sun.management.jmxremote.port=50383 -Dcom.sun.management.jmxremote.authenticate=false -Dcom.sun.management.jmxremote.ssl=false -Djava.rmi.server.hostname=localhost -Dspring.jmx.enabled=true -Dmanagement.endpoints.jmx.exposure.include=* -Dspring.application.admin.enabled=true -XX:TieredStopAtLevel=1 -Dspring.boot.project.name=board -Dfile.encoding=UTF-8 -Dstdout.encoding=UTF-8 -Dstderr.encoding=UTF-8 -XX:+ShowCodeDetailsInExceptionMessages com.mysite.board.BoardApplication --spring.output.ansi.enabled=always

Host: Intel(R) Core(TM) i5-10505 CPU @ 3.20GHz, 12 cores, 15G,  Windows 10 , 64 bit Build 19041 (10.0.19041.4957)
Time: Wed Oct 23 08:48:36 2024  Windows 10 , 64 bit Build 19041 (10.0.19041.4957) elapsed time: 0.019962 seconds (0d 0h 0m 0s)

---------------  T H R E A D  ---------------

Current thread (0x00000195b648f630):  JavaThread "Unknown thread" [_thread_in_vm, id=36340, stack(0x0000008905a00000,0x0000008905b00000) (1024K)]

Stack: [0x0000008905a00000,0x0000008905b00000]
Native frames: (J=compiled Java code, j=interpreted, Vv=VM code, C=native code)
V  [jvm.dll+0x6cbcf9]
V  [jvm.dll+0x8a5551]
V  [jvm.dll+0x8a7a7e]
V  [jvm.dll+0x8a8153]
V  [jvm.dll+0x27eca6]
V  [jvm.dll+0x6c8445]
V  [jvm.dll+0x6bd13a]
V  [jvm.dll+0x354a0a]
V  [jvm.dll+0x35c5b6]
V  [jvm.dll+0x3adf3e]
V  [jvm.dll+0x3ae1e8]
V  [jvm.dll+0x328bcc]
V  [jvm.dll+0x32972b]
V  [jvm.dll+0x86e7b9]
V  [jvm.dll+0x3bac91]
V  [jvm.dll+0x857973]
V  [jvm.dll+0x44f32e]
V  [jvm.dll+0x450f71]
C  [jli.dll+0x5278]
C  [ucrtbase.dll+0x21bb2]
C  [KERNEL32.DLL+0x17374]
C  [ntdll.dll+0x4cc91]


---------------  P R O C E S S  ---------------

Threads class SMR info:
_java_thread_list=0x00007fffb3143088, length=0, elements={
}

Java Threads: ( => current thread )
Total: 0

Other Threads:
  0x00000195b8677210 WorkerThread "GC Thread#0"                     [id=17248, stack(0x0000008905b00000,0x0000008905c00000) (1024K)]
  0x00000195b86887c0 ConcurrentGCThread "G1 Main Marker"            [id=33700, stack(0x0000008905c00000,0x0000008905d00000) (1024K)]
  0x00000195b86892c0 WorkerThread "G1 Conc#0"                       [id=13732, stack(0x0000008905d00000,0x0000008905e00000) (1024K)]

[error occurred during error reporting (printing all threads), id 0xc0000005, EXCEPTION_ACCESS_VIOLATION (0xc0000005) at pc=0x00007fffb284b4f7]
VM state: not at safepoint (not fully initialized)

VM Mutex/Monitor currently owned by a thread:  ([mutex/lock_event])
[0x00007fffb31b7408] Heap_lock - owner thread: 0x00000195b648f630

Heap address: 0x0000000703800000, size: 4040 MB, Compressed Oops mode: Zero based, Oop shift amount: 3

CDS archive(s) mapped at: [0x0000000000000000-0x0000000000000000-0x0000000000000000), size 0, SharedBaseAddress: 0x0000000800000000, ArchiveRelocationMode: 1.
Narrow klass base: 0x0000000000000000, Narrow klass shift: 0, Narrow klass range: 0x0

GC Precious Log:
 CardTable entry size: 512
 Card Set container configuration: InlinePtr #cards 4 size 8 Array Of Cards #cards 16 size 48 Howl #buckets 8 coarsen threshold 3686 Howl Bitmap #cards 512 size 80 coarsen threshold 460 Card regions per heap region 1 cards per card region 4096

Heap:
 garbage-first heap   total 0K, used 0K [0x0000000703800000, 0x0000000800000000)
  region size 2048K, 0 young (0K), 0 survivors (0K)

[error occurred during error reporting (printing heap information), id 0xc0000005, EXCEPTION_ACCESS_VIOLATION (0xc0000005) at pc=0x00007fffb2c35669]
GC Heap History (0 events):
No events

Dll operation events (1 events):
Event: 0.013 Loaded shared library C:\sts-4.25.0.RELEASE\plugins\org.eclipse.justj.openjdk.hotspot.jre.full.win32.x86_64_21.0.4.v20240802-1551\jre\bin\java.dll

Deoptimization events (0 events):
No events

Classes loaded (0 events):
No events

Classes unloaded (0 events):
No events

Classes redefined (0 events):
No events

Internal exceptions (0 events):
No events

ZGC Phase Switch (0 events):
No events

VM Operations (0 events):
No events

Memory protections (0 events):
No events

Nmethod flushes (0 events):
No events

Events (0 events):
No events


Dynamic libraries:
0x00007ff7be6e0000 - 0x00007ff7be6ee000 	C:\sts-4.25.0.RELEASE\plugins\org.eclipse.justj.openjdk.hotspot.jre.full.win32.x86_64_21.0.4.v20240802-1551\jre\bin\javaw.exe
0x00007ff84b290000 - 0x00007ff84b488000 	C:\Windows\SYSTEM32\ntdll.dll
0x00007ff8498c0000 - 0x00007ff849982000 	C:\Windows\System32\KERNEL32.DLL
0x00007ff848ce0000 - 0x00007ff848fde000 	C:\Windows\System32\KERNELBASE.dll
0x00007ff848a20000 - 0x00007ff848b20000 	C:\Windows\System32\ucrtbase.dll
0x00007ff826b00000 - 0x00007ff826b18000 	C:\sts-4.25.0.RELEASE\plugins\org.eclipse.justj.openjdk.hotspot.jre.full.win32.x86_64_21.0.4.v20240802-1551\jre\bin\jli.dll
0x00007ff826bb0000 - 0x00007ff826bcb000 	C:\sts-4.25.0.RELEASE\plugins\org.eclipse.justj.openjdk.hotspot.jre.full.win32.x86_64_21.0.4.v20240802-1551\jre\bin\VCRUNTIME140.dll
0x00007ff84b0b0000 - 0x00007ff84b24d000 	C:\Windows\System32\USER32.dll
0x00007ff848960000 - 0x00007ff848982000 	C:\Windows\System32\win32u.dll
0x00007ff84a220000 - 0x00007ff84a24b000 	C:\Windows\System32\GDI32.dll
0x00007ff848bc0000 - 0x00007ff848cd7000 	C:\Windows\System32\gdi32full.dll
0x00007ff848b20000 - 0x00007ff848bbd000 	C:\Windows\System32\msvcp_win.dll
0x00007ff82d4f0000 - 0x00007ff82d78a000 	C:\Windows\WinSxS\amd64_microsoft.windows.common-controls_6595b64144ccf1df_6.0.19041.4355_none_60b8b9eb71f62e16\COMCTL32.dll
0x00007ff849c90000 - 0x00007ff849d2e000 	C:\Windows\System32\msvcrt.dll
0x00007ff84a260000 - 0x00007ff84a28f000 	C:\Windows\System32\IMM32.DLL
0x00007ff83fb50000 - 0x00007ff83fb5c000 	C:\sts-4.25.0.RELEASE\plugins\org.eclipse.justj.openjdk.hotspot.jre.full.win32.x86_64_21.0.4.v20240802-1551\jre\bin\vcruntime140_1.dll
0x00007ff80bf60000 - 0x00007ff80bfee000 	C:\sts-4.25.0.RELEASE\plugins\org.eclipse.justj.openjdk.hotspot.jre.full.win32.x86_64_21.0.4.v20240802-1551\jre\bin\msvcp140.dll
0x00007fffb2510000 - 0x00007fffb3298000 	C:\sts-4.25.0.RELEASE\plugins\org.eclipse.justj.openjdk.hotspot.jre.full.win32.x86_64_21.0.4.v20240802-1551\jre\bin\server\jvm.dll
0x00007ff849d30000 - 0x00007ff849de2000 	C:\Windows\System32\ADVAPI32.dll
0x00007ff849b40000 - 0x00007ff849be0000 	C:\Windows\System32\sechost.dll
0x00007ff849df0000 - 0x00007ff849f13000 	C:\Windows\System32\RPCRT4.dll
0x00007ff848930000 - 0x00007ff848957000 	C:\Windows\System32\bcrypt.dll
0x00007ff84a060000 - 0x00007ff84a0cb000 	C:\Windows\System32\WS2_32.dll
0x00007ff843b00000 - 0x00007ff843b0a000 	C:\Windows\SYSTEM32\VERSION.dll
0x00007ff847ec0000 - 0x00007ff847f0b000 	C:\Windows\SYSTEM32\POWRPROF.dll
0x00007ff8359d0000 - 0x00007ff8359f7000 	C:\Windows\SYSTEM32\WINMM.dll
0x00007ff847d30000 - 0x00007ff847d42000 	C:\Windows\SYSTEM32\UMPDC.dll
0x00007ff8467d0000 - 0x00007ff8467e2000 	C:\Windows\SYSTEM32\kernel.appcore.dll
0x00007ff82e6f0000 - 0x00007ff82e6fa000 	C:\sts-4.25.0.RELEASE\plugins\org.eclipse.justj.openjdk.hotspot.jre.full.win32.x86_64_21.0.4.v20240802-1551\jre\bin\jimage.dll
0x00007ff833470000 - 0x00007ff833654000 	C:\Windows\SYSTEM32\DBGHELP.DLL
0x00007ff833430000 - 0x00007ff833464000 	C:\Windows\SYSTEM32\dbgcore.DLL
0x00007ff848990000 - 0x00007ff848a12000 	C:\Windows\System32\bcryptPrimitives.dll
0x00007ff826680000 - 0x00007ff82669f000 	C:\sts-4.25.0.RELEASE\plugins\org.eclipse.justj.openjdk.hotspot.jre.full.win32.x86_64_21.0.4.v20240802-1551\jre\bin\java.dll

dbghelp: loaded successfully - version: 4.0.5 - missing functions: none
symbol engine: initialized successfully - sym options: 0x614 - pdb path: .;C:\sts-4.25.0.RELEASE\plugins\org.eclipse.justj.openjdk.hotspot.jre.full.win32.x86_64_21.0.4.v20240802-1551\jre\bin;C:\Windows\SYSTEM32;C:\Windows\WinSxS\amd64_microsoft.windows.common-controls_6595b64144ccf1df_6.0.19041.4355_none_60b8b9eb71f62e16;C:\sts-4.25.0.RELEASE\plugins\org.eclipse.justj.openjdk.hotspot.jre.full.win32.x86_64_21.0.4.v20240802-1551\jre\bin\server

VM Arguments:
jvm_args: -Dcom.sun.management.jmxremote -Dcom.sun.management.jmxremote.port=50383 -Dcom.sun.management.jmxremote.authenticate=false -Dcom.sun.management.jmxremote.ssl=false -Djava.rmi.server.hostname=localhost -Dspring.jmx.enabled=true -Dmanagement.endpoints.jmx.exposure.include=* -Dspring.application.admin.enabled=true -XX:TieredStopAtLevel=1 -Dspring.boot.project.name=board -Dfile.encoding=UTF-8 -Dstdout.encoding=UTF-8 -Dstderr.encoding=UTF-8 -XX:+ShowCodeDetailsInExceptionMessages 
java_command: com.mysite.board.BoardApplication --spring.output.ansi.enabled=always
java_class_path (initial): D:\study\spring\workspace\board\bin\main;C:\Users\MEGA\.gradle\caches\modules-2\files-2.1\org.projectlombok\lombok\1.18.34\ec547ef414ab1d2c040118fb9c1c265ada63af14\lombok-1.18.34.jar;C:\Users\MEGA\.gradle\caches\modules-2\files-2.1\org.springframework.boot\spring-boot-starter-thymeleaf\3.3.4\29c4b1acf955b350bf7d8fd201798d30647fb89e\spring-boot-starter-thymeleaf-3.3.4.jar;C:\Users\MEGA\.gradle\caches\modules-2\files-2.1\org.springframework.boot\spring-boot-starter-web\3.3.4\b43a9fd107611337777b47dc7518e2aca59e58eb\spring-boot-starter-web-3.3.4.jar;C:\Users\MEGA\.gradle\caches\modules-2\files-2.1\org.springframework.boot\spring-boot-starter-data-jpa\3.3.4\60df2a5bea8752fb215f3c8e1dffeb3554773a49\spring-boot-starter-data-jpa-3.3.4.jar;C:\Users\MEGA\.gradle\caches\modules-2\files-2.1\org.springframework.boot\spring-boot-starter-json\3.3.4\816ab4ccd364350e3d0b5c1d53c2e5302a49eae6\spring-boot-starter-json-3.3.4.jar;C:\Users\MEGA\.gradle\caches\modules-2\files-2.1\org.springframework.boot\spring-boot-starter-aop\3.3.4\4e0fef42facab9dbdbc7784dc4fb7698bf1c6b49\spring-boot-starter-aop-3.3.4.jar;C:\Users\MEGA\.gradle\caches\modules-2\files-2.1\org.springframework.boot\spring-boot-starter-jdbc\3.3.4\b6bc324d5af04af752a6f3e44ea8e4cd96b28343\spring-boot-starter-jdbc-3.3.4.jar;C:\Users\MEGA\.gradle\caches\modules-2\files-2.1\org.springframework.boot\spring-boot-starter\3.3.4\f02312a6816fb439a55d2920b9af8f0f8abf5bac\spring-boot-starter-3.3.4.jar;C:\Users\MEGA\.gradle\caches\modules-2\files-2.1\org.thymeleaf\thymeleaf-spring6\3.1.2.RELEASE\6030c7b4e260c41336f378e53da6e8531263f24b\thymeleaf-spring6-3.1.2.RELEASE.jar;C:\Users\MEGA\.gradle\caches\modules-2\files-2.1\org.springframework.boot\spring-boot-starter-tomcat\3.3.4\7e552e904d54a0bd3f2ac8666e3344caa799a181\spring-boot-starter-tomcat-3.3.4.jar;C:\Users\MEGA\.gradle\caches\modules-2\files-2.1\org.springframework\spring-webmvc\6.1.13\ca5f025b133c69026bfe01daa6132d0ac2e4a59f\spring-webmvc-6.1.13.jar;C:\Users\MEGA\.gradle\caches\modules-2\files-2.1\org.springframework\spring-web\6.1.13\e4028dbbc4ae1fb4bfd3257c53302956d7687b66\spring-web-6.1.13.jar;C:\Users\MEGA\.gradle\caches\modules-2\files-2.1\org.hibernate.orm\hibernate-core\6.5.3.Final\1e23c320a5d10f5eaecbd23095fca5c5c83c1fb5\hibernate-core-6.5.3.Final.jar;C:\Users\MEGA\.gradle\caches\modules-2\files-2.1\org.springframework.data\spring-data-jpa\3.3.4\f92296e4b6d18f5f79c5e6074da96bf0de2006d3\spring-data-jpa-3.3.4.jar;C:\Users\MEGA\.gradle\caches\modules-2\files-2.1\org.springframework\spring-aspects\6.1.13\d606215f2876e8a3ed1945db5adfbb76a7e3f0e7\spring-aspects-6.1.13.jar;C:\Users\MEGA\.gradle\caches\modules-2\files-2.1\org.springframework.boot\spring-boot-autoconfigure\3.3.4\979234a0f3035fe60d5e505018789f98a7ec7ee3\spring-boot-autoconfigure-3.3.4.jar;C:\Users\MEGA\.gradle\caches\modules-2\files-2.1\org.springframework.boot\spring-boot\3.3.4\f06c6950aa5766b63328e821641f5c7d71be819d\spring-boot-3.3.4.jar;C:\Users\MEGA\.gradle\caches\modules-2\files-2.1\org.springframework.boot\spring-boot-starter-logging\3.3.4\c83073c0f5574b2146695ab716bcef3d6baa45e6\spring-boot-starter-logging-3.3.4.jar;C:\Users\MEGA\.gradle\caches\modules-2\files-2.1\jakarta.annotation\jakarta.annotation-api\2.1.1\48b9bda22b091b1f48b13af03fe36db3be6e1ae3\jakarta.annotation-api-2.1.1.jar;C:\Users\MEGA\.gradle\caches\modules-2\files-2.1\org.springframework\spring-context\6.1.13\d5163ddae069c5d78c841cd3a60c4db25bf16401\spring-context-6.1.13.jar;C:\Users\MEGA\.gradle\caches\modules-2\files-2.1\org.springframework\spring-aop\6.1.13\ad2c631e1717fdc6d91d56c06d4fd61e0215c19a\spring-aop-6.1.13.jar;C:\Users\MEGA\.gradle\caches\modules-2\files-2.1\org.springframework\spring-orm\6.1.13\68093388cd8fca9ad2731e63bfb8de3f2604474\spring-orm-6.1.13.jar;C:\Users\MEGA\.gradle\caches\modules-2\files-2.1\org.springframework\spring-jdbc\6.1.13\11811219be3452cfd989c57d3de4529f6927352f\spring-jdbc-6.1.13.jar;C:\Users\MEGA\.gradle\caches\modules-2\files-2.1\org.springframework.data\spring-data-commons\3.3.4\f0f6bca5b0cd7d318666e2d3f02726c615334678\spring-data-commons-3.3.4.jar;C:\Users\MEGA\.gradle\caches\modules-2\files-2.1\org.springframework\spring-tx\6.1.13\ed041ecf9a5f480e1b11d0b58a06d8034ff8cfea\spring-tx-6.1.13.jar;C:\Users\MEGA\.gradle\caches\modules-2\files-2.1\org.springframework\spring-beans\6.1.13\90bbee6278b46b145e64e5ae29316bdd459c6826\spring-beans-6.1.13.jar;C:\Users\MEGA\.gradle\caches\modules-2\files-2.1\org.springframework\spring-expression\6.1.13\be30254712ca0549cbd539ba05c57064917253f3\spring-expression-6.1.13.jar;C:\Users\MEGA\.gradle\caches\modules-2\files-2.1\org.springframework\spring-core\6.1.13\ddbd765408d2665f47017c8f05a7682012f91da3\spring-core-6.1.13.jar;C:\Users\MEGA\.gradle\caches\modules-2\files-2.1\org.yaml\snakeyaml\2.2\3af797a25458550a16bf89acc8e4ab2b7f2bfce0\snakeyaml-2.2.jar;C:\Users\MEGA\.gradle\caches\modules-2\files-2.1\org.thymeleaf\thymeleaf\3.1.2.RELEASE\273997509a4c7aef86cee0521750140c587d9be2\thymeleaf-3.1.2.RELEASE.jar;C:\Users\MEGA\.gradle\caches\modules-2\files-2.1\com.zaxxer\HikariCP\5.1.0\8c96e36c14461fc436bb02b264b96ef3ca5dca8c\HikariCP-5.1.0.jar;C:\Users\MEGA\.gradle\caches\modules-2\files-2.1\ch.qos.logback\logback-classic\1.5.8\229bb1ef6b14dfbf74ff443af9097d836dc5f0dd\logback-classic-1.5.8.jar;C:\Users\MEGA\.gradle\caches\modules-2\files-2.1\org.apache.logging.log4j\log4j-to-slf4j\2.23.1\425ad1eb8a39904d2830e907a324e956fb456520\log4j-to-slf4j-2.23.1.jar;C:\Users\MEGA\.gradle\caches\modules-2\files-2.1\org.slf4j\jul-to-slf4j\2.0.16\6d57da3e961daac65bcca0dd3def6cd11e48a24a\jul-to-slf4j-2.0.16.jar;C:\Users\MEGA\.gradle\caches\modules-2\files-2.1\org.slf4j\slf4j-api\2.0.16\172931663a09a1fa515567af5fbef00897d3c04\slf4j-api-2.0.16.jar;C:\Users\MEGA\.gradle\caches\modules-2\files-2.1\com.fasterxml.jackson.datatype\jackson-datatype-jsr310\2.17.2\267b85e9ba2892a37be6d80aa9ca1438a0d8c210\jackson-datatype-jsr310-2.17.2.jar;C:\Users\MEGA\.gradle\caches\modules-2\files-2.1\com.fasterxml.jackson.module\jackson-module-parameter-names\2.17.2\d27b9f95ccce98984c1ba58d61c5a9c072b1ad95\jackson-module-parameter-names-2.17.2.jar;C:\Users\MEGA\.gradle\caches\modules-2\files-2.1\com.fasterxml.jackson.core\jackson-annotations\2.17.2\147b7b9412ffff24339f8aba080b292448e08698\jackson-annotations-2.17.2.jar;C:\Users\MEGA\.gradle\caches\modules-2\files-2.1\com.fasterxml.jackson.core\jackson-core\2.17.2\969a35cb35c86512acbadcdbbbfb044c877db814\jackson-core-2.17.2.jar;C:\Users\MEGA\.gradle\caches\modules-2\files-2.1\com.fasterxml.jackson.datatype\jackson-datatype-jdk8\2.17.2\efd3dd0e1d0db8bc72abbe71c15e697bb83b4b45\jackson-datatype-jdk8-2.17.2.jar;C:\Users\MEGA\.gradle\caches\modules-2\files-2.1\com.fasterxml.jackson.core\jackson-databind\2.17.2\e6deb029e5901e027c129341fac39e515066b68c\jackson-databind-2.17.2.jar;C:\Users\MEGA\.gradle\caches\modules-2\files-2.1\org.apache.tomcat.embed\tomcat-embed-websocket\10.1.30\b8cc73d6878688d5afb8fb78c3f9ea1bc3e5e6cf\tomcat-embed-websocket-10.1.30.jar;C:\Users\MEGA\.gradle\caches\modules-2\files-2.1\org.apache.tomcat.embed\tomcat-embed-core\10.1.30\852ff3547f179175feaff39c443e9b980ec2cc2\tomcat-embed-core-10.1.30.jar;C:\Users\MEGA\.gradle\caches\modules-2\files-2.1\org.apache.tomcat.embed\tomcat-embed-el\10.1.30\432b176aa50de87c3bbda99b0fe85523abfd1382\tomcat-embed-el-10.1.30.jar;C:\Users\MEGA\.gradle\caches\modules-2\files-2.1\io.micrometer\micrometer-observation\1.13.4\2673c9b181ab2512002b23b7ad0f1dd02212696c\micrometer-observation-1.13.4.jar;C:\Users\MEGA\.gradle\caches\modules-2\files-2.1\org.aspectj\aspectjweaver\1.9.22.1\bca243d0af0db4758fbae45c5f4995cb5dabb612\aspectjweaver-1.9.22.1.jar;C:\Users\MEGA\.gradle\caches\modules-2\files-2.1\jakarta.persistence\jakarta.persistence-api\3.1.0\66901fa1c373c6aff65c13791cc11da72060a8d6\jakarta.persistence-api-3.1.0.jar;C:\Users\MEGA\.gradle\caches\modules-2\files-2.1\jakarta.transaction\jakarta.transaction-api\2.0.1\51a520e3fae406abb84e2e1148e6746ce3f80a1a\jakarta.transaction-api-2.0.1.jar;C:\Users\MEGA\.gradle\caches\modules-2\files-2.1\org.antlr\antlr4-runtime\4.13.0\5a02e48521624faaf5ff4d99afc88b01686af655\antlr4-runtime-4.13.0.jar;C:\Users\MEGA\.gradle\caches\modules-2\files-2.1\org.springframework\spring-jcl\6.1.13\37291ff008a66a9dbf2c98e11bd468cfadaa7ebc\spring-jcl-6.1.13.jar;C:\Users\MEGA\.gradle\caches\modules-2\files-2.1\org.attoparser\attoparser\2.0.7.RELEASE\e5d0e988d9124139d645bb5872b24dfa23e283cc\attoparser-2.0.7.RELEASE.jar;C:\Users\MEGA\.gradle\caches\modules-2\files-2.1\org.unbescape\unbescape\1.1.6.RELEASE\7b90360afb2b860e09e8347112800d12c12b2a13\unbescape-1.1.6.RELEASE.jar;C:\Users\MEGA\.gradle\caches\modules-2\files-2.1\io.micrometer\micrometer-commons\1.13.4\edcf69518a4c382c48e19c7fb7d4aedfb115c0c3\micrometer-commons-1.13.4.jar;C:\Users\MEGA\.gradle\caches\modules-2\files-2.1\ch.qos.logback\logback-core\1.5.8\3fce599197de3b6f387cc9bee412ead2b4994a46\logback-core-1.5.8.jar;C:\Users\MEGA\.gradle\caches\modules-2\files-2.1\org.apache.logging.log4j\log4j-api\2.23.1\9c15c29c526d9c6783049c0a77722693c66706e1\log4j-api-2.23.1.jar;C:\Users\MEGA\.gradle\caches\modules-2\files-2.1\org.springframework.boot\spring-boot-devtools\3.3.4\855b368144ba046f7f8c647691720388cec82cc9\spring-boot-devtools-3.3.4.jar;C:\Users\MEGA\.gradle\caches\modules-2\files-2.1\org.mariadb.jdbc\mariadb-java-client\2.7.4\6d6ea84c870837afa63f5f55efde211a84cf2897\mariadb-java-client-2.7.4.jar;C:\Users\MEGA\.gradle\caches\modules-2\files-2.1\org.jboss.logging\jboss-logging\3.5.3.Final\c88fc1d8a96d4c3491f55d4317458ccad53ca663\jboss-logging-3.5.3.Final.jar;C:\Users\MEGA\.gradle\caches\modules-2\files-2.1\org.hibernate.common\hibernate-commons-annotations\6.0.6.Final\77a5f94b56d49508e0ee334751db5b78e5ccd50c\hibernate-commons-annotations-6.0.6.Final.jar;C:\Users\MEGA\.gradle\caches\modules-2\files-2.1\io.smallrye\jandex\3.1.2\a6c1c89925c7df06242b03dddb353116ceb9584c\jandex-3.1.2.jar;C:\Users\MEGA\.gradle\caches\modules-2\files-2.1\com.fasterxml\classmate\1.7.0\e98374da1f2143ac8e6e0a95036994bb19137a3\classmate-1.7.0.jar;C:\Users\MEGA\.gradle\caches\modules-2\files-2.1\net.bytebuddy\byte-buddy\1.14.19\4c0c637b8f47dc08f89240e6f59900011752c97b\byte-buddy-1.14.19.jar;C:\Users\MEGA\.gradle\caches\modules-2\files-2.1\org.glassfish.jaxb\jaxb-runtime\4.0.5\ca84c2a7169b5293e232b9d00d1e4e36d4c3914a\jaxb-runtime-4.0.5.jar;C:\Users\MEGA\.gradle\caches\modules-2\files-2.1\org.glassfish.jaxb\jaxb-core\4.0.5\7b4b11ea5542eea4ad55e1080b23be436795b3\jaxb-core-4.0.5.jar;C:\Users\MEGA\.gradle\caches\modules-2\files-2.1\jakarta.xml.bind\jakarta.xml.bind-api\4.0.2\6cd5a999b834b63238005b7144136379dc36cad2\jakarta.xml.bind-api-4.0.2.jar;C:\Users\MEGA\.gradle\caches\modules-2\files-2.1\jakarta.inject\jakarta.inject-api\2.0.1\4c28afe1991a941d7702fe1362c365f0a8641d1e\jakarta.inject-api-2.0.1.jar;C:\Users\MEGA\.gradle\caches\modules-2\files-2.1\org.eclipse.angus\angus-activation\2.0.2\41f1e0ddd157c856926ed149ab837d110955a9fc\angus-activation-2.0.2.jar;C:\Users\MEGA\.gradle\caches\modules-2\files-2.1\jakarta.activation\jakarta.activation-api\2.1.3\fa165bd70cda600368eee31555222776a46b881f\jakarta.activation-api-2.1.3.jar;C:\Users\MEGA\.gradle\caches\modules-2\files-2.1\org.glassfish.jaxb\txw2\4.0.5\f36a4ef12120a9bb06d766d6a0e54b144fd7ed98\txw2-4.0.5.jar;C:\Users\MEGA\.gradle\caches\modules-2\files-2.1\com.sun.istack\istack-commons-runtime\4.1.2\18ec117c85f3ba0ac65409136afa8e42bc74e739\istack-commons-runtime-4.1.2.jar
Launcher Type: SUN_STANDARD

[Global flags]
     intx CICompilerCount                          = 4                                         {product} {ergonomic}
     uint ConcGCThreads                            = 3                                         {product} {ergonomic}
     uint G1ConcRefinementThreads                  = 10                                        {product} {ergonomic}
   size_t G1HeapRegionSize                         = 2097152                                   {product} {ergonomic}
    uintx GCDrainStackTargetSize                   = 64                                        {product} {ergonomic}
   size_t InitialHeapSize                          = 266338304                                 {product} {ergonomic}
     bool ManagementServer                         = true                                      {product} {command line}
   size_t MarkStackSize                            = 4194304                                   {product} {ergonomic}
   size_t MaxHeapSize                              = 4236247040                                {product} {ergonomic}
   size_t MinHeapDeltaBytes                        = 2097152                                   {product} {ergonomic}
   size_t MinHeapSize                              = 8388608                                   {product} {ergonomic}
    uintx NonNMethodCodeHeapSize                   = 4096                                   {pd product} {ergonomic}
    uintx NonProfiledCodeHeapSize                  = 0                                      {pd product} {ergonomic}
     bool ProfileInterpreter                       = false                                  {pd product} {command line}
    uintx ProfiledCodeHeapSize                     = 0                                      {pd product} {ergonomic}
     bool ShowCodeDetailsInExceptionMessages       = true                                   {manageable} {command line}
   size_t SoftMaxHeapSize                          = 4236247040                             {manageable} {ergonomic}
     intx TieredStopAtLevel                        = 1                                         {product} {command line}
     bool UseCompressedOops                        = true                           {product lp64_product} {ergonomic}
     bool UseG1GC                                  = true                                      {product} {ergonomic}
     bool UseLargePagesIndividualAllocation        = false                                  {pd product} {ergonomic}

Logging:
Log output configuration:
 #0: stdout all=warning uptime,level,tags foldmultilines=false
 #1: stderr all=off uptime,level,tags foldmultilines=false

Environment Variables:
PATH=C:/sts-4.25.0.RELEASE//plugins/org.eclipse.justj.openjdk.hotspot.jre.full.win32.x86_64_21.0.4.v20240802-1551/jre/bin/server;C:/sts-4.25.0.RELEASE//plugins/org.eclipse.justj.openjdk.hotspot.jre.full.win32.x86_64_21.0.4.v20240802-1551/jre/bin;C:\Program Files\Common Files\Oracle\Java\javapath;C:\Windows\system32;C:\Windows;C:\Windows\System32\Wbem;C:\Windows\System32\WindowsPowerShell\v1.0\;C:\Windows\System32\OpenSSH\;C:\Program Files (x86)\Microsoft SQL Server\150\DTS\Binn\;C:\Program Files\Azure Data Studio\bin;C:\Program Files\nodejs\;C:\Program Files\Git\cmd;C:\Program Files\PuTTY\;C:\Program Files\Bandizip\;C:\Users\MEGA\AppData\Local\Microsoft\WindowsApps;;C:\Users\MEGA\AppData\Local\Programs\Microsoft VS Code\bin;C:\Program Files\Azure Data Studio\bin;C:\Users\MEGA\AppData\Roaming\npm;C:\sts-4.25.0.RELEASE;
USERNAME=MEGA
OS=Windows_NT
PROCESSOR_IDENTIFIER=Intel64 Family 6 Model 165 Stepping 3, GenuineIntel
TMP=C:\Users\MEGA\AppData\Local\Temp
TEMP=C:\Users\MEGA\AppData\Local\Temp




Periodic native trim disabled

---------------  S Y S T E M  ---------------

OS:
 Windows 10 , 64 bit Build 19041 (10.0.19041.4957)
OS uptime: 8 days 14:31 hours

CPU: total 12 (initial active 12) (6 cores per cpu, 2 threads per core) family 6 model 165 stepping 3 microcode 0xfc, cx8, cmov, fxsr, ht, mmx, 3dnowpref, sse, sse2, sse3, ssse3, sse4.1, sse4.2, popcnt, lzcnt, tsc, tscinvbit, avx, avx2, aes, erms, clmul, bmi1, bmi2, adx, fma, vzeroupper, clflush, clflushopt, rdtscp, f16c
Processor Information for all 12 processors :
  Max Mhz: 3192, Current Mhz: 3192, Mhz Limit: 3192

Memory: 4k page, system-wide physical 16159M (1018M free)
TotalPageFile size 65311M (AvailPageFile size 165M)
current process WorkingSet (physical memory assigned to process): 11M, peak: 11M
current process commit charge ("private bytes"): 59M, peak: 313M

vm_info: OpenJDK 64-Bit Server VM (21.0.4+7-LTS) for windows-amd64 JRE (21.0.4+7-LTS), built on 2024-07-16T00:00:00Z by "admin" with MS VC++ 17.7 (VS2022)

END.
